2025-04-13 03:32:24,110 [INFO] SaleSystem: User logged in: Gehad
2025-04-13 03:32:31,874 [DEBUG] PIL.PngImagePlugin: STREAM b'IHDR' 16 13
2025-04-13 03:32:31,875 [DEBUG] PIL.PngImagePlugin: STREAM b'cHRM' 41 32
2025-04-13 03:32:31,875 [DEBUG] PIL.PngImagePlugin: STREAM b'bKGD' 85 6
2025-04-13 03:32:31,875 [DEBUG] PIL.PngImagePlugin: b'bKGD' 85 6 (unknown)
2025-04-13 03:32:31,875 [DEBUG] PIL.PngImagePlugin: STREAM b'pHYs' 103 9
2025-04-13 03:32:31,875 [DEBUG] PIL.PngImagePlugin: STREAM b'IDAT' 124 32768
2025-04-13 03:32:31,877 [DEBUG] PIL.PngImagePlugin: STREAM b'tEXt' 78513 37
2025-04-13 03:32:31,878 [DEBUG] PIL.PngImagePlugin: STREAM b'tEXt' 78562 37
2025-04-13 03:32:31,878 [DEBUG] PIL.PngImagePlugin: STREAM b'tEXt' 78611 40
2025-04-13 03:32:31,883 [DEBUG] PIL.PngImagePlugin: STREAM b'IHDR' 16 13
2025-04-13 03:32:31,883 [DEBUG] PIL.PngImagePlugin: STREAM b'sRGB' 41 1
2025-04-13 03:32:31,883 [DEBUG] PIL.PngImagePlugin: STREAM b'IDAT' 54 8192
2025-04-13 03:32:31,896 [DEBUG] PIL.PngImagePlugin: STREAM b'IHDR' 16 13
2025-04-13 03:32:31,896 [DEBUG] PIL.PngImagePlugin: STREAM b'sRGB' 41 1
2025-04-13 03:32:31,896 [DEBUG] PIL.PngImagePlugin: STREAM b'IDAT' 54 8192
2025-04-13 03:32:31,904 [DEBUG] PIL.PngImagePlugin: STREAM b'IHDR' 16 13
2025-04-13 03:32:31,905 [DEBUG] PIL.PngImagePlugin: STREAM b'sRGB' 41 1
2025-04-13 03:32:31,905 [DEBUG] PIL.PngImagePlugin: STREAM b'IDAT' 54 8192
2025-04-13 03:32:31,912 [DEBUG] PIL.PngImagePlugin: STREAM b'IHDR' 16 13
2025-04-13 03:32:31,913 [DEBUG] PIL.PngImagePlugin: STREAM b'sRGB' 41 1
2025-04-13 03:32:31,913 [DEBUG] PIL.PngImagePlugin: STREAM b'IDAT' 54 8192
2025-04-13 03:32:31,918 [DEBUG] PIL.PngImagePlugin: STREAM b'IHDR' 16 13
2025-04-13 03:32:31,919 [DEBUG] PIL.PngImagePlugin: STREAM b'PLTE' 41 768
2025-04-13 03:32:31,919 [DEBUG] PIL.PngImagePlugin: STREAM b'tRNS' 821 256
2025-04-13 03:32:31,919 [DEBUG] PIL.PngImagePlugin: STREAM b'IDAT' 1089 8192
2025-04-13 03:35:17,137 [INFO] SaleSystem: User logged in: Gehad
2025-04-13 03:45:11,671 [INFO] SaleSystem: User logged in: Gehad
2025-04-13 03:45:45,847 [DEBUG] PIL.PngImagePlugin: STREAM b'IHDR' 16 13
2025-04-13 03:45:45,848 [DEBUG] PIL.PngImagePlugin: STREAM b'cHRM' 41 32
2025-04-13 03:45:45,848 [DEBUG] PIL.PngImagePlugin: STREAM b'bKGD' 85 6
2025-04-13 03:45:45,848 [DEBUG] PIL.PngImagePlugin: b'bKGD' 85 6 (unknown)
2025-04-13 03:45:45,848 [DEBUG] PIL.PngImagePlugin: STREAM b'pHYs' 103 9
2025-04-13 03:45:45,849 [DEBUG] PIL.PngImagePlugin: STREAM b'IDAT' 124 32768
2025-04-13 03:45:45,850 [DEBUG] PIL.PngImagePlugin: STREAM b'tEXt' 78513 37
2025-04-13 03:45:45,851 [DEBUG] PIL.PngImagePlugin: STREAM b'tEXt' 78562 37
2025-04-13 03:45:45,851 [DEBUG] PIL.PngImagePlugin: STREAM b'tEXt' 78611 40
2025-04-13 03:45:45,855 [DEBUG] PIL.PngImagePlugin: STREAM b'IHDR' 16 13
2025-04-13 03:45:45,856 [DEBUG] PIL.PngImagePlugin: STREAM b'sRGB' 41 1
2025-04-13 03:45:45,856 [DEBUG] PIL.PngImagePlugin: STREAM b'IDAT' 54 8192
2025-04-13 03:45:45,869 [DEBUG] PIL.PngImagePlugin: STREAM b'IHDR' 16 13
2025-04-13 03:45:45,869 [DEBUG] PIL.PngImagePlugin: STREAM b'sRGB' 41 1
2025-04-13 03:45:45,869 [DEBUG] PIL.PngImagePlugin: STREAM b'IDAT' 54 8192
2025-04-13 03:45:45,877 [DEBUG] PIL.PngImagePlugin: STREAM b'IHDR' 16 13
2025-04-13 03:45:45,877 [DEBUG] PIL.PngImagePlugin: STREAM b'sRGB' 41 1
2025-04-13 03:45:45,877 [DEBUG] PIL.PngImagePlugin: STREAM b'IDAT' 54 8192
2025-04-13 03:45:45,885 [DEBUG] PIL.PngImagePlugin: STREAM b'IHDR' 16 13
2025-04-13 03:45:45,885 [DEBUG] PIL.PngImagePlugin: STREAM b'sRGB' 41 1
2025-04-13 03:45:45,885 [DEBUG] PIL.PngImagePlugin: STREAM b'IDAT' 54 8192
2025-04-13 03:45:45,891 [DEBUG] PIL.PngImagePlugin: STREAM b'IHDR' 16 13
2025-04-13 03:45:45,891 [DEBUG] PIL.PngImagePlugin: STREAM b'PLTE' 41 768
2025-04-13 03:45:45,891 [DEBUG] PIL.PngImagePlugin: STREAM b'tRNS' 821 256
2025-04-13 03:45:45,891 [DEBUG] PIL.PngImagePlugin: STREAM b'IDAT' 1089 8192
2025-04-13 03:45:54,476 [DEBUG] PIL.PngImagePlugin: STREAM b'IHDR' 16 13
2025-04-13 03:45:54,477 [DEBUG] PIL.PngImagePlugin: STREAM b'cHRM' 41 32
2025-04-13 03:45:54,477 [DEBUG] PIL.PngImagePlugin: STREAM b'bKGD' 85 6
2025-04-13 03:45:54,477 [DEBUG] PIL.PngImagePlugin: b'bKGD' 85 6 (unknown)
2025-04-13 03:45:54,477 [DEBUG] PIL.PngImagePlugin: STREAM b'pHYs' 103 9
2025-04-13 03:45:54,478 [DEBUG] PIL.PngImagePlugin: STREAM b'IDAT' 124 32768
2025-04-13 03:45:54,479 [DEBUG] PIL.PngImagePlugin: STREAM b'tEXt' 78513 37
2025-04-13 03:45:54,480 [DEBUG] PIL.PngImagePlugin: STREAM b'tEXt' 78562 37
2025-04-13 03:45:54,480 [DEBUG] PIL.PngImagePlugin: STREAM b'tEXt' 78611 40
2025-04-13 03:45:54,484 [DEBUG] PIL.PngImagePlugin: STREAM b'IHDR' 16 13
2025-04-13 03:45:54,484 [DEBUG] PIL.PngImagePlugin: STREAM b'sRGB' 41 1
2025-04-13 03:45:54,484 [DEBUG] PIL.PngImagePlugin: STREAM b'IDAT' 54 8192
2025-04-13 03:45:54,497 [DEBUG] PIL.PngImagePlugin: STREAM b'IHDR' 16 13
2025-04-13 03:45:54,497 [DEBUG] PIL.PngImagePlugin: STREAM b'sRGB' 41 1
2025-04-13 03:45:54,497 [DEBUG] PIL.PngImagePlugin: STREAM b'IDAT' 54 8192
2025-04-13 03:45:54,505 [DEBUG] PIL.PngImagePlugin: STREAM b'IHDR' 16 13
2025-04-13 03:45:54,505 [DEBUG] PIL.PngImagePlugin: STREAM b'sRGB' 41 1
2025-04-13 03:45:54,505 [DEBUG] PIL.PngImagePlugin: STREAM b'IDAT' 54 8192
2025-04-13 03:45:54,513 [DEBUG] PIL.PngImagePlugin: STREAM b'IHDR' 16 13
2025-04-13 03:45:54,513 [DEBUG] PIL.PngImagePlugin: STREAM b'sRGB' 41 1
2025-04-13 03:45:54,513 [DEBUG] PIL.PngImagePlugin: STREAM b'IDAT' 54 8192
2025-04-13 03:45:54,519 [DEBUG] PIL.PngImagePlugin: STREAM b'IHDR' 16 13
2025-04-13 03:45:54,519 [DEBUG] PIL.PngImagePlugin: STREAM b'PLTE' 41 768
2025-04-13 03:45:54,519 [DEBUG] PIL.PngImagePlugin: STREAM b'tRNS' 821 256
2025-04-13 03:45:54,519 [DEBUG] PIL.PngImagePlugin: STREAM b'IDAT' 1089 8192
2025-04-13 03:46:05,846 [DEBUG] PIL.PngImagePlugin: STREAM b'IHDR' 16 13
2025-04-13 03:46:05,847 [DEBUG] PIL.PngImagePlugin: STREAM b'cHRM' 41 32
2025-04-13 03:46:05,847 [DEBUG] PIL.PngImagePlugin: STREAM b'bKGD' 85 6
2025-04-13 03:46:05,847 [DEBUG] PIL.PngImagePlugin: b'bKGD' 85 6 (unknown)
2025-04-13 03:46:05,847 [DEBUG] PIL.PngImagePlugin: STREAM b'pHYs' 103 9
2025-04-13 03:46:05,848 [DEBUG] PIL.PngImagePlugin: STREAM b'IDAT' 124 32768
2025-04-13 03:46:05,849 [DEBUG] PIL.PngImagePlugin: STREAM b'tEXt' 78513 37
2025-04-13 03:46:05,849 [DEBUG] PIL.PngImagePlugin: STREAM b'tEXt' 78562 37
2025-04-13 03:46:05,850 [DEBUG] PIL.PngImagePlugin: STREAM b'tEXt' 78611 40
2025-04-13 03:46:05,853 [DEBUG] PIL.PngImagePlugin: STREAM b'IHDR' 16 13
2025-04-13 03:46:05,853 [DEBUG] PIL.PngImagePlugin: STREAM b'sRGB' 41 1
2025-04-13 03:46:05,854 [DEBUG] PIL.PngImagePlugin: STREAM b'IDAT' 54 8192
2025-04-13 03:46:05,865 [DEBUG] PIL.PngImagePlugin: STREAM b'IHDR' 16 13
2025-04-13 03:46:05,866 [DEBUG] PIL.PngImagePlugin: STREAM b'sRGB' 41 1
2025-04-13 03:46:05,866 [DEBUG] PIL.PngImagePlugin: STREAM b'IDAT' 54 8192
2025-04-13 03:46:05,874 [DEBUG] PIL.PngImagePlugin: STREAM b'IHDR' 16 13
2025-04-13 03:46:05,874 [DEBUG] PIL.PngImagePlugin: STREAM b'sRGB' 41 1
2025-04-13 03:46:05,875 [DEBUG] PIL.PngImagePlugin: STREAM b'IDAT' 54 8192
2025-04-13 03:46:05,882 [DEBUG] PIL.PngImagePlugin: STREAM b'IHDR' 16 13
2025-04-13 03:46:05,882 [DEBUG] PIL.PngImagePlugin: STREAM b'sRGB' 41 1
2025-04-13 03:46:05,882 [DEBUG] PIL.PngImagePlugin: STREAM b'IDAT' 54 8192
2025-04-13 03:46:05,888 [DEBUG] PIL.PngImagePlugin: STREAM b'IHDR' 16 13
2025-04-13 03:46:05,889 [DEBUG] PIL.PngImagePlugin: STREAM b'PLTE' 41 768
2025-04-13 03:46:05,889 [DEBUG] PIL.PngImagePlugin: STREAM b'tRNS' 821 256
2025-04-13 03:46:05,889 [DEBUG] PIL.PngImagePlugin: STREAM b'IDAT' 1089 8192
2025-04-13 03:50:22,482 [INFO] SaleSystem: User logged in: Gehad
2025-04-13 03:50:37,323 [DEBUG] PIL.PngImagePlugin: STREAM b'IHDR' 16 13
2025-04-13 03:50:37,323 [DEBUG] PIL.PngImagePlugin: STREAM b'cHRM' 41 32
2025-04-13 03:50:37,324 [DEBUG] PIL.PngImagePlugin: STREAM b'bKGD' 85 6
2025-04-13 03:50:37,324 [DEBUG] PIL.PngImagePlugin: b'bKGD' 85 6 (unknown)
2025-04-13 03:50:37,324 [DEBUG] PIL.PngImagePlugin: STREAM b'pHYs' 103 9
2025-04-13 03:50:37,324 [DEBUG] PIL.PngImagePlugin: STREAM b'IDAT' 124 32768
2025-04-13 03:50:37,326 [DEBUG] PIL.PngImagePlugin: STREAM b'tEXt' 78513 37
2025-04-13 03:50:37,326 [DEBUG] PIL.PngImagePlugin: STREAM b'tEXt' 78562 37
2025-04-13 03:50:37,326 [DEBUG] PIL.PngImagePlugin: STREAM b'tEXt' 78611 40
2025-04-13 03:50:37,331 [DEBUG] PIL.PngImagePlugin: STREAM b'IHDR' 16 13
2025-04-13 03:50:37,331 [DEBUG] PIL.PngImagePlugin: STREAM b'sRGB' 41 1
2025-04-13 03:50:37,331 [DEBUG] PIL.PngImagePlugin: STREAM b'IDAT' 54 8192
2025-04-13 03:50:37,343 [DEBUG] PIL.PngImagePlugin: STREAM b'IHDR' 16 13
2025-04-13 03:50:37,344 [DEBUG] PIL.PngImagePlugin: STREAM b'sRGB' 41 1
2025-04-13 03:50:37,344 [DEBUG] PIL.PngImagePlugin: STREAM b'IDAT' 54 8192
2025-04-13 03:50:37,352 [DEBUG] PIL.PngImagePlugin: STREAM b'IHDR' 16 13
2025-04-13 03:50:37,352 [DEBUG] PIL.PngImagePlugin: STREAM b'sRGB' 41 1
2025-04-13 03:50:37,352 [DEBUG] PIL.PngImagePlugin: STREAM b'IDAT' 54 8192
2025-04-13 03:50:37,360 [DEBUG] PIL.PngImagePlugin: STREAM b'IHDR' 16 13
2025-04-13 03:50:37,360 [DEBUG] PIL.PngImagePlugin: STREAM b'sRGB' 41 1
2025-04-13 03:50:37,360 [DEBUG] PIL.PngImagePlugin: STREAM b'IDAT' 54 8192
2025-04-13 03:50:37,366 [DEBUG] PIL.PngImagePlugin: STREAM b'IHDR' 16 13
2025-04-13 03:50:37,366 [DEBUG] PIL.PngImagePlugin: STREAM b'PLTE' 41 768
2025-04-13 03:50:37,366 [DEBUG] PIL.PngImagePlugin: STREAM b'tRNS' 821 256
2025-04-13 03:50:37,366 [DEBUG] PIL.PngImagePlugin: STREAM b'IDAT' 1089 8192
2025-04-13 04:04:30,751 [INFO] SaleSystem: User logged in: Gehad
2025-04-13 04:04:50,804 [DEBUG] PIL.PngImagePlugin: STREAM b'IHDR' 16 13
2025-04-13 04:04:50,804 [DEBUG] PIL.PngImagePlugin: STREAM b'cHRM' 41 32
2025-04-13 04:04:50,804 [DEBUG] PIL.PngImagePlugin: STREAM b'bKGD' 85 6
2025-04-13 04:04:50,804 [DEBUG] PIL.PngImagePlugin: b'bKGD' 85 6 (unknown)
2025-04-13 04:04:50,804 [DEBUG] PIL.PngImagePlugin: STREAM b'pHYs' 103 9
2025-04-13 04:04:50,804 [DEBUG] PIL.PngImagePlugin: STREAM b'IDAT' 124 32768
2025-04-13 04:04:50,806 [DEBUG] PIL.PngImagePlugin: STREAM b'tEXt' 78513 37
2025-04-13 04:04:50,806 [DEBUG] PIL.PngImagePlugin: STREAM b'tEXt' 78562 37
2025-04-13 04:04:50,806 [DEBUG] PIL.PngImagePlugin: STREAM b'tEXt' 78611 40
2025-04-13 04:04:50,811 [DEBUG] PIL.PngImagePlugin: STREAM b'IHDR' 16 13
2025-04-13 04:04:50,811 [DEBUG] PIL.PngImagePlugin: STREAM b'sRGB' 41 1
2025-04-13 04:04:50,811 [DEBUG] PIL.PngImagePlugin: STREAM b'IDAT' 54 8192
2025-04-13 04:04:50,824 [DEBUG] PIL.PngImagePlugin: STREAM b'IHDR' 16 13
2025-04-13 04:04:50,824 [DEBUG] PIL.PngImagePlugin: STREAM b'sRGB' 41 1
2025-04-13 04:04:50,824 [DEBUG] PIL.PngImagePlugin: STREAM b'IDAT' 54 8192
2025-04-13 04:04:50,832 [DEBUG] PIL.PngImagePlugin: STREAM b'IHDR' 16 13
2025-04-13 04:04:50,832 [DEBUG] PIL.PngImagePlugin: STREAM b'sRGB' 41 1
2025-04-13 04:04:50,833 [DEBUG] PIL.PngImagePlugin: STREAM b'IDAT' 54 8192
2025-04-13 04:04:50,840 [DEBUG] PIL.PngImagePlugin: STREAM b'IHDR' 16 13
2025-04-13 04:04:50,840 [DEBUG] PIL.PngImagePlugin: STREAM b'sRGB' 41 1
2025-04-13 04:04:50,840 [DEBUG] PIL.PngImagePlugin: STREAM b'IDAT' 54 8192
2025-04-13 04:04:50,846 [DEBUG] PIL.PngImagePlugin: STREAM b'IHDR' 16 13
2025-04-13 04:04:50,846 [DEBUG] PIL.PngImagePlugin: STREAM b'PLTE' 41 768
2025-04-13 04:04:50,846 [DEBUG] PIL.PngImagePlugin: STREAM b'tRNS' 821 256
2025-04-13 04:04:50,846 [DEBUG] PIL.PngImagePlugin: STREAM b'IDAT' 1089 8192
2025-04-13 19:50:28,393 [INFO] SaleSystem: User logged in: Gehad
2025-04-13 19:50:30,655 [DEBUG] PIL.PngImagePlugin: STREAM b'IHDR' 16 13
2025-04-13 19:50:30,656 [DEBUG] PIL.PngImagePlugin: STREAM b'cHRM' 41 32
2025-04-13 19:50:30,656 [DEBUG] PIL.PngImagePlugin: STREAM b'bKGD' 85 6
2025-04-13 19:50:30,656 [DEBUG] PIL.PngImagePlugin: b'bKGD' 85 6 (unknown)
2025-04-13 19:50:30,656 [DEBUG] PIL.PngImagePlugin: STREAM b'pHYs' 103 9
2025-04-13 19:50:30,657 [DEBUG] PIL.PngImagePlugin: STREAM b'IDAT' 124 32768
2025-04-13 19:50:30,661 [DEBUG] PIL.PngImagePlugin: STREAM b'tEXt' 78513 37
2025-04-13 19:50:30,662 [DEBUG] PIL.PngImagePlugin: STREAM b'tEXt' 78562 37
2025-04-13 19:50:30,662 [DEBUG] PIL.PngImagePlugin: STREAM b'tEXt' 78611 40
2025-04-13 19:50:30,702 [DEBUG] PIL.PngImagePlugin: STREAM b'IHDR' 16 13
2025-04-13 19:50:30,702 [DEBUG] PIL.PngImagePlugin: STREAM b'sRGB' 41 1
2025-04-13 19:50:30,702 [DEBUG] PIL.PngImagePlugin: STREAM b'IDAT' 54 8192
2025-04-13 19:50:30,724 [DEBUG] PIL.PngImagePlugin: STREAM b'IHDR' 16 13
2025-04-13 19:50:30,724 [DEBUG] PIL.PngImagePlugin: STREAM b'sRGB' 41 1
2025-04-13 19:50:30,724 [DEBUG] PIL.PngImagePlugin: STREAM b'IDAT' 54 8192
2025-04-13 19:50:30,741 [DEBUG] PIL.PngImagePlugin: STREAM b'IHDR' 16 13
2025-04-13 19:50:30,741 [DEBUG] PIL.PngImagePlugin: STREAM b'sRGB' 41 1
2025-04-13 19:50:30,741 [DEBUG] PIL.PngImagePlugin: STREAM b'IDAT' 54 8192
2025-04-13 19:50:30,758 [DEBUG] PIL.PngImagePlugin: STREAM b'IHDR' 16 13
2025-04-13 19:50:30,758 [DEBUG] PIL.PngImagePlugin: STREAM b'sRGB' 41 1
2025-04-13 19:50:30,759 [DEBUG] PIL.PngImagePlugin: STREAM b'IDAT' 54 8192
2025-04-13 19:50:30,772 [DEBUG] PIL.PngImagePlugin: STREAM b'IHDR' 16 13
2025-04-13 19:50:30,773 [DEBUG] PIL.PngImagePlugin: STREAM b'PLTE' 41 768
2025-04-13 19:50:30,773 [DEBUG] PIL.PngImagePlugin: STREAM b'tRNS' 821 256
2025-04-13 19:50:30,773 [DEBUG] PIL.PngImagePlugin: STREAM b'IDAT' 1089 8192
2025-04-13 19:50:38,987 [DEBUG] PIL.PngImagePlugin: STREAM b'IHDR' 16 13
2025-04-13 19:50:38,987 [DEBUG] PIL.PngImagePlugin: STREAM b'cHRM' 41 32
2025-04-13 19:50:38,987 [DEBUG] PIL.PngImagePlugin: STREAM b'bKGD' 85 6
2025-04-13 19:50:38,987 [DEBUG] PIL.PngImagePlugin: b'bKGD' 85 6 (unknown)
2025-04-13 19:50:38,988 [DEBUG] PIL.PngImagePlugin: STREAM b'pHYs' 103 9
2025-04-13 19:50:38,988 [DEBUG] PIL.PngImagePlugin: STREAM b'IDAT' 124 32768
2025-04-13 19:50:38,989 [DEBUG] PIL.PngImagePlugin: STREAM b'tEXt' 78513 37
2025-04-13 19:50:38,990 [DEBUG] PIL.PngImagePlugin: STREAM b'tEXt' 78562 37
2025-04-13 19:50:38,990 [DEBUG] PIL.PngImagePlugin: STREAM b'tEXt' 78611 40
2025-04-13 19:50:38,994 [DEBUG] PIL.PngImagePlugin: STREAM b'IHDR' 16 13
2025-04-13 19:50:38,994 [DEBUG] PIL.PngImagePlugin: STREAM b'sRGB' 41 1
2025-04-13 19:50:38,995 [DEBUG] PIL.PngImagePlugin: STREAM b'IDAT' 54 8192
2025-04-13 19:50:39,008 [DEBUG] PIL.PngImagePlugin: STREAM b'IHDR' 16 13
2025-04-13 19:50:39,008 [DEBUG] PIL.PngImagePlugin: STREAM b'sRGB' 41 1
2025-04-13 19:50:39,008 [DEBUG] PIL.PngImagePlugin: STREAM b'IDAT' 54 8192
2025-04-13 19:50:39,016 [DEBUG] PIL.PngImagePlugin: STREAM b'IHDR' 16 13
2025-04-13 19:50:39,016 [DEBUG] PIL.PngImagePlugin: STREAM b'sRGB' 41 1
2025-04-13 19:50:39,016 [DEBUG] PIL.PngImagePlugin: STREAM b'IDAT' 54 8192
2025-04-13 19:50:39,024 [DEBUG] PIL.PngImagePlugin: STREAM b'IHDR' 16 13
2025-04-13 19:50:39,024 [DEBUG] PIL.PngImagePlugin: STREAM b'sRGB' 41 1
2025-04-13 19:50:39,024 [DEBUG] PIL.PngImagePlugin: STREAM b'IDAT' 54 8192
2025-04-13 19:50:39,030 [DEBUG] PIL.PngImagePlugin: STREAM b'IHDR' 16 13
2025-04-13 19:50:39,030 [DEBUG] PIL.PngImagePlugin: STREAM b'PLTE' 41 768
2025-04-13 19:50:39,030 [DEBUG] PIL.PngImagePlugin: STREAM b'tRNS' 821 256
2025-04-13 19:50:39,030 [DEBUG] PIL.PngImagePlugin: STREAM b'IDAT' 1089 8192
2025-04-13 19:50:41,287 [DEBUG] PIL.PngImagePlugin: STREAM b'IHDR' 16 13
2025-04-13 19:50:41,287 [DEBUG] PIL.PngImagePlugin: STREAM b'cHRM' 41 32
2025-04-13 19:50:41,287 [DEBUG] PIL.PngImagePlugin: STREAM b'bKGD' 85 6
2025-04-13 19:50:41,288 [DEBUG] PIL.PngImagePlugin: b'bKGD' 85 6 (unknown)
2025-04-13 19:50:41,288 [DEBUG] PIL.PngImagePlugin: STREAM b'pHYs' 103 9
2025-04-13 19:50:41,288 [DEBUG] PIL.PngImagePlugin: STREAM b'IDAT' 124 32768
2025-04-13 19:50:41,290 [DEBUG] PIL.PngImagePlugin: STREAM b'tEXt' 78513 37
2025-04-13 19:50:41,290 [DEBUG] PIL.PngImagePlugin: STREAM b'tEXt' 78562 37
2025-04-13 19:50:41,290 [DEBUG] PIL.PngImagePlugin: STREAM b'tEXt' 78611 40
2025-04-13 19:50:41,294 [DEBUG] PIL.PngImagePlugin: STREAM b'IHDR' 16 13
2025-04-13 19:50:41,294 [DEBUG] PIL.PngImagePlugin: STREAM b'sRGB' 41 1
2025-04-13 19:50:41,294 [DEBUG] PIL.PngImagePlugin: STREAM b'IDAT' 54 8192
2025-04-13 19:50:41,306 [DEBUG] PIL.PngImagePlugin: STREAM b'IHDR' 16 13
2025-04-13 19:50:41,307 [DEBUG] PIL.PngImagePlugin: STREAM b'sRGB' 41 1
2025-04-13 19:50:41,307 [DEBUG] PIL.PngImagePlugin: STREAM b'IDAT' 54 8192
2025-04-13 19:50:41,315 [DEBUG] PIL.PngImagePlugin: STREAM b'IHDR' 16 13
2025-04-13 19:50:41,315 [DEBUG] PIL.PngImagePlugin: STREAM b'sRGB' 41 1
2025-04-13 19:50:41,315 [DEBUG] PIL.PngImagePlugin: STREAM b'IDAT' 54 8192
2025-04-13 19:50:41,323 [DEBUG] PIL.PngImagePlugin: STREAM b'IHDR' 16 13
2025-04-13 19:50:41,323 [DEBUG] PIL.PngImagePlugin: STREAM b'sRGB' 41 1
2025-04-13 19:50:41,323 [DEBUG] PIL.PngImagePlugin: STREAM b'IDAT' 54 8192
2025-04-13 19:50:41,329 [DEBUG] PIL.PngImagePlugin: STREAM b'IHDR' 16 13
2025-04-13 19:50:41,329 [DEBUG] PIL.PngImagePlugin: STREAM b'PLTE' 41 768
2025-04-13 19:50:41,329 [DEBUG] PIL.PngImagePlugin: STREAM b'tRNS' 821 256
2025-04-13 19:50:41,329 [DEBUG] PIL.PngImagePlugin: STREAM b'IDAT' 1089 8192
2025-04-13 20:10:54,509 [INFO] SaleSystem: User logged in: Gehad
2025-04-13 20:24:37,842 [INFO] SaleSystem: User logged in: Gehad
2025-04-13 20:33:26,696 [INFO] SaleSystem: User logged in: Gehad
2025-04-13 20:47:35,432 [INFO] SaleSystem: User logged in: Gehad
2025-04-13 21:31:09,180 [INFO] SaleSystem: User logged in: Gehad
2025-04-13 21:37:10,374 [DEBUG] PIL.PngImagePlugin: STREAM b'IHDR' 16 13
2025-04-13 21:37:10,374 [DEBUG] PIL.PngImagePlugin: STREAM b'cHRM' 41 32
2025-04-13 21:37:10,374 [DEBUG] PIL.PngImagePlugin: STREAM b'bKGD' 85 6
2025-04-13 21:37:10,374 [DEBUG] PIL.PngImagePlugin: b'bKGD' 85 6 (unknown)
2025-04-13 21:37:10,374 [DEBUG] PIL.PngImagePlugin: STREAM b'pHYs' 103 9
2025-04-13 21:37:10,375 [DEBUG] PIL.PngImagePlugin: STREAM b'IDAT' 124 32768
2025-04-13 21:37:10,376 [DEBUG] PIL.PngImagePlugin: STREAM b'tEXt' 78513 37
2025-04-13 21:37:10,377 [DEBUG] PIL.PngImagePlugin: STREAM b'tEXt' 78562 37
2025-04-13 21:37:10,377 [DEBUG] PIL.PngImagePlugin: STREAM b'tEXt' 78611 40
2025-04-13 21:37:10,393 [DEBUG] PIL.PngImagePlugin: STREAM b'IHDR' 16 13
2025-04-13 21:37:10,394 [DEBUG] PIL.PngImagePlugin: STREAM b'sRGB' 41 1
2025-04-13 21:37:10,394 [DEBUG] PIL.PngImagePlugin: STREAM b'IDAT' 54 8192
2025-04-13 21:37:10,416 [DEBUG] PIL.PngImagePlugin: STREAM b'IHDR' 16 13
2025-04-13 21:37:10,417 [DEBUG] PIL.PngImagePlugin: STREAM b'sRGB' 41 1
2025-04-13 21:37:10,417 [DEBUG] PIL.PngImagePlugin: STREAM b'IDAT' 54 8192
2025-04-13 21:37:10,432 [DEBUG] PIL.PngImagePlugin: STREAM b'IHDR' 16 13
2025-04-13 21:37:10,432 [DEBUG] PIL.PngImagePlugin: STREAM b'sRGB' 41 1
2025-04-13 21:37:10,432 [DEBUG] PIL.PngImagePlugin: STREAM b'IDAT' 54 8192
2025-04-13 21:37:10,447 [DEBUG] PIL.PngImagePlugin: STREAM b'IHDR' 16 13
2025-04-13 21:37:10,447 [DEBUG] PIL.PngImagePlugin: STREAM b'sRGB' 41 1
2025-04-13 21:37:10,447 [DEBUG] PIL.PngImagePlugin: STREAM b'IDAT' 54 8192
2025-04-13 21:37:10,459 [DEBUG] PIL.PngImagePlugin: STREAM b'IHDR' 16 13
2025-04-13 21:37:10,460 [DEBUG] PIL.PngImagePlugin: STREAM b'PLTE' 41 768
2025-04-13 21:37:10,460 [DEBUG] PIL.PngImagePlugin: STREAM b'tRNS' 821 256
2025-04-13 21:37:10,460 [DEBUG] PIL.PngImagePlugin: STREAM b'IDAT' 1089 8192
2025-04-13 21:44:41,892 [DEBUG] PIL.PngImagePlugin: STREAM b'IHDR' 16 13
2025-04-13 21:44:41,892 [DEBUG] PIL.PngImagePlugin: STREAM b'cHRM' 41 32
2025-04-13 21:44:41,893 [DEBUG] PIL.PngImagePlugin: STREAM b'bKGD' 85 6
2025-04-13 21:44:41,893 [DEBUG] PIL.PngImagePlugin: b'bKGD' 85 6 (unknown)
2025-04-13 21:44:41,893 [DEBUG] PIL.PngImagePlugin: STREAM b'pHYs' 103 9
2025-04-13 21:44:41,893 [DEBUG] PIL.PngImagePlugin: STREAM b'IDAT' 124 32768
2025-04-13 21:44:41,895 [DEBUG] PIL.PngImagePlugin: STREAM b'tEXt' 78513 37
2025-04-13 21:44:41,895 [DEBUG] PIL.PngImagePlugin: STREAM b'tEXt' 78562 37
2025-04-13 21:44:41,895 [DEBUG] PIL.PngImagePlugin: STREAM b'tEXt' 78611 40
2025-04-13 21:44:41,905 [DEBUG] PIL.PngImagePlugin: STREAM b'IHDR' 16 13
2025-04-13 21:44:41,905 [DEBUG] PIL.PngImagePlugin: STREAM b'sRGB' 41 1
2025-04-13 21:44:41,906 [DEBUG] PIL.PngImagePlugin: STREAM b'IDAT' 54 8192
2025-04-13 21:44:41,919 [DEBUG] PIL.PngImagePlugin: STREAM b'IHDR' 16 13
2025-04-13 21:44:41,919 [DEBUG] PIL.PngImagePlugin: STREAM b'sRGB' 41 1
2025-04-13 21:44:41,919 [DEBUG] PIL.PngImagePlugin: STREAM b'IDAT' 54 8192
2025-04-13 21:44:41,928 [DEBUG] PIL.PngImagePlugin: STREAM b'IHDR' 16 13
2025-04-13 21:44:41,928 [DEBUG] PIL.PngImagePlugin: STREAM b'sRGB' 41 1
2025-04-13 21:44:41,928 [DEBUG] PIL.PngImagePlugin: STREAM b'IDAT' 54 8192
2025-04-13 21:44:41,937 [DEBUG] PIL.PngImagePlugin: STREAM b'IHDR' 16 13
2025-04-13 21:44:41,937 [DEBUG] PIL.PngImagePlugin: STREAM b'sRGB' 41 1
2025-04-13 21:44:41,938 [DEBUG] PIL.PngImagePlugin: STREAM b'IDAT' 54 8192
2025-04-13 21:44:41,944 [DEBUG] PIL.PngImagePlugin: STREAM b'IHDR' 16 13
2025-04-13 21:44:41,944 [DEBUG] PIL.PngImagePlugin: STREAM b'PLTE' 41 768
2025-04-13 21:44:41,944 [DEBUG] PIL.PngImagePlugin: STREAM b'tRNS' 821 256
2025-04-13 21:44:41,945 [DEBUG] PIL.PngImagePlugin: STREAM b'IDAT' 1089 8192
2025-04-13 21:44:50,726 [INFO] SaleSystem: User logged in: Gehad
2025-04-13 21:45:36,801 [DEBUG] PIL.PngImagePlugin: STREAM b'IHDR' 16 13
2025-04-13 21:45:36,801 [DEBUG] PIL.PngImagePlugin: STREAM b'cHRM' 41 32
2025-04-13 21:45:36,802 [DEBUG] PIL.PngImagePlugin: STREAM b'bKGD' 85 6
2025-04-13 21:45:36,802 [DEBUG] PIL.PngImagePlugin: b'bKGD' 85 6 (unknown)
2025-04-13 21:45:36,802 [DEBUG] PIL.PngImagePlugin: STREAM b'pHYs' 103 9
2025-04-13 21:45:36,802 [DEBUG] PIL.PngImagePlugin: STREAM b'IDAT' 124 32768
2025-04-13 21:45:36,804 [DEBUG] PIL.PngImagePlugin: STREAM b'tEXt' 78513 37
2025-04-13 21:45:36,804 [DEBUG] PIL.PngImagePlugin: STREAM b'tEXt' 78562 37
2025-04-13 21:45:36,804 [DEBUG] PIL.PngImagePlugin: STREAM b'tEXt' 78611 40
2025-04-13 21:45:36,814 [DEBUG] PIL.PngImagePlugin: STREAM b'IHDR' 16 13
2025-04-13 21:45:36,814 [DEBUG] PIL.PngImagePlugin: STREAM b'sRGB' 41 1
2025-04-13 21:45:36,814 [DEBUG] PIL.PngImagePlugin: STREAM b'IDAT' 54 8192
2025-04-13 21:45:36,828 [DEBUG] PIL.PngImagePlugin: STREAM b'IHDR' 16 13
2025-04-13 21:45:36,828 [DEBUG] PIL.PngImagePlugin: STREAM b'sRGB' 41 1
2025-04-13 21:45:36,828 [DEBUG] PIL.PngImagePlugin: STREAM b'IDAT' 54 8192
2025-04-13 21:45:36,836 [DEBUG] PIL.PngImagePlugin: STREAM b'IHDR' 16 13
2025-04-13 21:45:36,836 [DEBUG] PIL.PngImagePlugin: STREAM b'sRGB' 41 1
2025-04-13 21:45:36,836 [DEBUG] PIL.PngImagePlugin: STREAM b'IDAT' 54 8192
2025-04-13 21:45:36,844 [DEBUG] PIL.PngImagePlugin: STREAM b'IHDR' 16 13
2025-04-13 21:45:36,844 [DEBUG] PIL.PngImagePlugin: STREAM b'sRGB' 41 1
2025-04-13 21:45:36,844 [DEBUG] PIL.PngImagePlugin: STREAM b'IDAT' 54 8192
2025-04-13 21:45:36,850 [DEBUG] PIL.PngImagePlugin: STREAM b'IHDR' 16 13
2025-04-13 21:45:36,850 [DEBUG] PIL.PngImagePlugin: STREAM b'PLTE' 41 768
2025-04-13 21:45:36,850 [DEBUG] PIL.PngImagePlugin: STREAM b'tRNS' 821 256
2025-04-13 21:45:36,851 [DEBUG] PIL.PngImagePlugin: STREAM b'IDAT' 1089 8192
2025-04-13 21:45:58,125 [INFO] SaleSystem: User logged in: Gehad
2025-04-13 22:23:00,396 [DEBUG] PIL.PngImagePlugin: STREAM b'IHDR' 16 13
2025-04-13 22:23:00,397 [DEBUG] PIL.PngImagePlugin: STREAM b'cHRM' 41 32
2025-04-13 22:23:00,397 [DEBUG] PIL.PngImagePlugin: STREAM b'bKGD' 85 6
2025-04-13 22:23:00,397 [DEBUG] PIL.PngImagePlugin: b'bKGD' 85 6 (unknown)
2025-04-13 22:23:00,397 [DEBUG] PIL.PngImagePlugin: STREAM b'pHYs' 103 9
2025-04-13 22:23:00,397 [DEBUG] PIL.PngImagePlugin: STREAM b'IDAT' 124 32768
2025-04-13 22:23:00,400 [DEBUG] PIL.PngImagePlugin: STREAM b'tEXt' 78513 37
2025-04-13 22:23:00,400 [DEBUG] PIL.PngImagePlugin: STREAM b'tEXt' 78562 37
2025-04-13 22:23:00,400 [DEBUG] PIL.PngImagePlugin: STREAM b'tEXt' 78611 40
2025-04-13 22:23:00,409 [DEBUG] PIL.PngImagePlugin: STREAM b'IHDR' 16 13
2025-04-13 22:23:00,409 [DEBUG] PIL.PngImagePlugin: STREAM b'sRGB' 41 1
2025-04-13 22:23:00,409 [DEBUG] PIL.PngImagePlugin: STREAM b'IDAT' 54 8192
2025-04-13 22:23:00,422 [DEBUG] PIL.PngImagePlugin: STREAM b'IHDR' 16 13
2025-04-13 22:23:00,422 [DEBUG] PIL.PngImagePlugin: STREAM b'sRGB' 41 1
2025-04-13 22:23:00,422 [DEBUG] PIL.PngImagePlugin: STREAM b'IDAT' 54 8192
2025-04-13 22:23:00,431 [DEBUG] PIL.PngImagePlugin: STREAM b'IHDR' 16 13
2025-04-13 22:23:00,431 [DEBUG] PIL.PngImagePlugin: STREAM b'sRGB' 41 1
2025-04-13 22:23:00,431 [DEBUG] PIL.PngImagePlugin: STREAM b'IDAT' 54 8192
2025-04-13 22:23:00,440 [DEBUG] PIL.PngImagePlugin: STREAM b'IHDR' 16 13
2025-04-13 22:23:00,440 [DEBUG] PIL.PngImagePlugin: STREAM b'sRGB' 41 1
2025-04-13 22:23:00,441 [DEBUG] PIL.PngImagePlugin: STREAM b'IDAT' 54 8192
2025-04-13 22:23:00,447 [DEBUG] PIL.PngImagePlugin: STREAM b'IHDR' 16 13
2025-04-13 22:23:00,447 [DEBUG] PIL.PngImagePlugin: STREAM b'PLTE' 41 768
2025-04-13 22:23:00,447 [DEBUG] PIL.PngImagePlugin: STREAM b'tRNS' 821 256
2025-04-13 22:23:00,447 [DEBUG] PIL.PngImagePlugin: STREAM b'IDAT' 1089 8192
2025-04-13 22:23:48,376 [DEBUG] PIL.PngImagePlugin: STREAM b'IHDR' 16 13
2025-04-13 22:23:48,376 [DEBUG] PIL.PngImagePlugin: STREAM b'cHRM' 41 32
2025-04-13 22:23:48,376 [DEBUG] PIL.PngImagePlugin: STREAM b'bKGD' 85 6
2025-04-13 22:23:48,376 [DEBUG] PIL.PngImagePlugin: b'bKGD' 85 6 (unknown)
2025-04-13 22:23:48,376 [DEBUG] PIL.PngImagePlugin: STREAM b'pHYs' 103 9
2025-04-13 22:23:48,376 [DEBUG] PIL.PngImagePlugin: STREAM b'IDAT' 124 32768
2025-04-13 22:23:48,378 [DEBUG] PIL.PngImagePlugin: STREAM b'tEXt' 78513 37
2025-04-13 22:23:48,378 [DEBUG] PIL.PngImagePlugin: STREAM b'tEXt' 78562 37
2025-04-13 22:23:48,379 [DEBUG] PIL.PngImagePlugin: STREAM b'tEXt' 78611 40
2025-04-13 22:23:48,387 [DEBUG] PIL.PngImagePlugin: STREAM b'IHDR' 16 13
2025-04-13 22:23:48,387 [DEBUG] PIL.PngImagePlugin: STREAM b'sRGB' 41 1
2025-04-13 22:23:48,387 [DEBUG] PIL.PngImagePlugin: STREAM b'IDAT' 54 8192
2025-04-13 22:23:48,402 [DEBUG] PIL.PngImagePlugin: STREAM b'IHDR' 16 13
2025-04-13 22:23:48,402 [DEBUG] PIL.PngImagePlugin: STREAM b'sRGB' 41 1
2025-04-13 22:23:48,402 [DEBUG] PIL.PngImagePlugin: STREAM b'IDAT' 54 8192
2025-04-13 22:23:48,412 [DEBUG] PIL.PngImagePlugin: STREAM b'IHDR' 16 13
2025-04-13 22:23:48,412 [DEBUG] PIL.PngImagePlugin: STREAM b'sRGB' 41 1
2025-04-13 22:23:48,412 [DEBUG] PIL.PngImagePlugin: STREAM b'IDAT' 54 8192
2025-04-13 22:23:48,421 [DEBUG] PIL.PngImagePlugin: STREAM b'IHDR' 16 13
2025-04-13 22:23:48,421 [DEBUG] PIL.PngImagePlugin: STREAM b'sRGB' 41 1
2025-04-13 22:23:48,422 [DEBUG] PIL.PngImagePlugin: STREAM b'IDAT' 54 8192
2025-04-13 22:23:48,428 [DEBUG] PIL.PngImagePlugin: STREAM b'IHDR' 16 13
2025-04-13 22:23:48,429 [DEBUG] PIL.PngImagePlugin: STREAM b'PLTE' 41 768
2025-04-13 22:23:48,429 [DEBUG] PIL.PngImagePlugin: STREAM b'tRNS' 821 256
2025-04-13 22:23:48,429 [DEBUG] PIL.PngImagePlugin: STREAM b'IDAT' 1089 8192
2025-04-13 22:24:14,447 [INFO] SaleSystem: User logged in: Gehad
2025-04-13 22:29:54,590 [DEBUG] PIL.PngImagePlugin: STREAM b'IHDR' 16 13
2025-04-13 22:29:54,590 [DEBUG] PIL.PngImagePlugin: STREAM b'cHRM' 41 32
2025-04-13 22:29:54,591 [DEBUG] PIL.PngImagePlugin: STREAM b'bKGD' 85 6
2025-04-13 22:29:54,591 [DEBUG] PIL.PngImagePlugin: b'bKGD' 85 6 (unknown)
2025-04-13 22:29:54,591 [DEBUG] PIL.PngImagePlugin: STREAM b'pHYs' 103 9
2025-04-13 22:29:54,591 [DEBUG] PIL.PngImagePlugin: STREAM b'IDAT' 124 32768
2025-04-13 22:29:54,593 [DEBUG] PIL.PngImagePlugin: STREAM b'tEXt' 78513 37
2025-04-13 22:29:54,593 [DEBUG] PIL.PngImagePlugin: STREAM b'tEXt' 78562 37
2025-04-13 22:29:54,593 [DEBUG] PIL.PngImagePlugin: STREAM b'tEXt' 78611 40
2025-04-13 22:29:54,603 [DEBUG] PIL.PngImagePlugin: STREAM b'IHDR' 16 13
2025-04-13 22:29:54,603 [DEBUG] PIL.PngImagePlugin: STREAM b'sRGB' 41 1
2025-04-13 22:29:54,604 [DEBUG] PIL.PngImagePlugin: STREAM b'IDAT' 54 8192
2025-04-13 22:29:54,616 [DEBUG] PIL.PngImagePlugin: STREAM b'IHDR' 16 13
2025-04-13 22:29:54,617 [DEBUG] PIL.PngImagePlugin: STREAM b'sRGB' 41 1
2025-04-13 22:29:54,617 [DEBUG] PIL.PngImagePlugin: STREAM b'IDAT' 54 8192
2025-04-13 22:29:54,625 [DEBUG] PIL.PngImagePlugin: STREAM b'IHDR' 16 13
2025-04-13 22:29:54,625 [DEBUG] PIL.PngImagePlugin: STREAM b'sRGB' 41 1
2025-04-13 22:29:54,625 [DEBUG] PIL.PngImagePlugin: STREAM b'IDAT' 54 8192
2025-04-13 22:29:54,633 [DEBUG] PIL.PngImagePlugin: STREAM b'IHDR' 16 13
2025-04-13 22:29:54,633 [DEBUG] PIL.PngImagePlugin: STREAM b'sRGB' 41 1
2025-04-13 22:29:54,633 [DEBUG] PIL.PngImagePlugin: STREAM b'IDAT' 54 8192
2025-04-13 22:29:54,639 [DEBUG] PIL.PngImagePlugin: STREAM b'IHDR' 16 13
2025-04-13 22:29:54,639 [DEBUG] PIL.PngImagePlugin: STREAM b'PLTE' 41 768
2025-04-13 22:29:54,639 [DEBUG] PIL.PngImagePlugin: STREAM b'tRNS' 821 256
2025-04-13 22:29:54,639 [DEBUG] PIL.PngImagePlugin: STREAM b'IDAT' 1089 8192
2025-04-13 22:30:04,036 [INFO] SaleSystem: User logged in: Gehad
2025-04-13 22:34:42,851 [DEBUG] PIL.PngImagePlugin: STREAM b'IHDR' 16 13
2025-04-13 22:34:42,851 [DEBUG] PIL.PngImagePlugin: STREAM b'cHRM' 41 32
2025-04-13 22:34:42,851 [DEBUG] PIL.PngImagePlugin: STREAM b'bKGD' 85 6
2025-04-13 22:34:42,851 [DEBUG] PIL.PngImagePlugin: b'bKGD' 85 6 (unknown)
2025-04-13 22:34:42,851 [DEBUG] PIL.PngImagePlugin: STREAM b'pHYs' 103 9
2025-04-13 22:34:42,852 [DEBUG] PIL.PngImagePlugin: STREAM b'IDAT' 124 32768
2025-04-13 22:34:42,854 [DEBUG] PIL.PngImagePlugin: STREAM b'tEXt' 78513 37
2025-04-13 22:34:42,854 [DEBUG] PIL.PngImagePlugin: STREAM b'tEXt' 78562 37
2025-04-13 22:34:42,854 [DEBUG] PIL.PngImagePlugin: STREAM b'tEXt' 78611 40
2025-04-13 22:34:42,864 [DEBUG] PIL.PngImagePlugin: STREAM b'IHDR' 16 13
2025-04-13 22:34:42,864 [DEBUG] PIL.PngImagePlugin: STREAM b'sRGB' 41 1
2025-04-13 22:34:42,864 [DEBUG] PIL.PngImagePlugin: STREAM b'IDAT' 54 8192
2025-04-13 22:34:42,879 [DEBUG] PIL.PngImagePlugin: STREAM b'IHDR' 16 13
2025-04-13 22:34:42,879 [DEBUG] PIL.PngImagePlugin: STREAM b'sRGB' 41 1
2025-04-13 22:34:42,879 [DEBUG] PIL.PngImagePlugin: STREAM b'IDAT' 54 8192
2025-04-13 22:34:42,888 [DEBUG] PIL.PngImagePlugin: STREAM b'IHDR' 16 13
2025-04-13 22:34:42,889 [DEBUG] PIL.PngImagePlugin: STREAM b'sRGB' 41 1
2025-04-13 22:34:42,889 [DEBUG] PIL.PngImagePlugin: STREAM b'IDAT' 54 8192
2025-04-13 22:34:42,897 [DEBUG] PIL.PngImagePlugin: STREAM b'IHDR' 16 13
2025-04-13 22:34:42,897 [DEBUG] PIL.PngImagePlugin: STREAM b'sRGB' 41 1
2025-04-13 22:34:42,897 [DEBUG] PIL.PngImagePlugin: STREAM b'IDAT' 54 8192
2025-04-13 22:34:42,902 [DEBUG] PIL.PngImagePlugin: STREAM b'IHDR' 16 13
2025-04-13 22:34:42,903 [DEBUG] PIL.PngImagePlugin: STREAM b'PLTE' 41 768
2025-04-13 22:34:42,903 [DEBUG] PIL.PngImagePlugin: STREAM b'tRNS' 821 256
2025-04-13 22:34:42,903 [DEBUG] PIL.PngImagePlugin: STREAM b'IDAT' 1089 8192
2025-04-13 22:34:55,111 [INFO] SaleSystem: User logged in: Gehad
2025-04-13 22:35:28,598 [DEBUG] PIL.PngImagePlugin: STREAM b'IHDR' 16 13
2025-04-13 22:35:28,598 [DEBUG] PIL.PngImagePlugin: STREAM b'cHRM' 41 32
2025-04-13 22:35:28,599 [DEBUG] PIL.PngImagePlugin: STREAM b'bKGD' 85 6
2025-04-13 22:35:28,599 [DEBUG] PIL.PngImagePlugin: b'bKGD' 85 6 (unknown)
2025-04-13 22:35:28,599 [DEBUG] PIL.PngImagePlugin: STREAM b'pHYs' 103 9
2025-04-13 22:35:28,599 [DEBUG] PIL.PngImagePlugin: STREAM b'IDAT' 124 32768
2025-04-13 22:35:28,601 [DEBUG] PIL.PngImagePlugin: STREAM b'tEXt' 78513 37
2025-04-13 22:35:28,601 [DEBUG] PIL.PngImagePlugin: STREAM b'tEXt' 78562 37
2025-04-13 22:35:28,601 [DEBUG] PIL.PngImagePlugin: STREAM b'tEXt' 78611 40
2025-04-13 22:35:28,611 [DEBUG] PIL.PngImagePlugin: STREAM b'IHDR' 16 13
2025-04-13 22:35:28,612 [DEBUG] PIL.PngImagePlugin: STREAM b'sRGB' 41 1
2025-04-13 22:35:28,612 [DEBUG] PIL.PngImagePlugin: STREAM b'IDAT' 54 8192
2025-04-13 22:35:28,627 [DEBUG] PIL.PngImagePlugin: STREAM b'IHDR' 16 13
2025-04-13 22:35:28,627 [DEBUG] PIL.PngImagePlugin: STREAM b'sRGB' 41 1
2025-04-13 22:35:28,627 [DEBUG] PIL.PngImagePlugin: STREAM b'IDAT' 54 8192
2025-04-13 22:35:28,637 [DEBUG] PIL.PngImagePlugin: STREAM b'IHDR' 16 13
2025-04-13 22:35:28,637 [DEBUG] PIL.PngImagePlugin: STREAM b'sRGB' 41 1
2025-04-13 22:35:28,637 [DEBUG] PIL.PngImagePlugin: STREAM b'IDAT' 54 8192
2025-04-13 22:35:28,646 [DEBUG] PIL.PngImagePlugin: STREAM b'IHDR' 16 13
2025-04-13 22:35:28,646 [DEBUG] PIL.PngImagePlugin: STREAM b'sRGB' 41 1
2025-04-13 22:35:28,646 [DEBUG] PIL.PngImagePlugin: STREAM b'IDAT' 54 8192
2025-04-13 22:35:28,652 [DEBUG] PIL.PngImagePlugin: STREAM b'IHDR' 16 13
2025-04-13 22:35:28,653 [DEBUG] PIL.PngImagePlugin: STREAM b'PLTE' 41 768
2025-04-13 22:35:28,653 [DEBUG] PIL.PngImagePlugin: STREAM b'tRNS' 821 256
2025-04-13 22:35:28,653 [DEBUG] PIL.PngImagePlugin: STREAM b'IDAT' 1089 8192
2025-04-13 22:35:50,608 [INFO] SaleSystem: User logged in: Gehad
2025-04-13 23:06:44,400 [DEBUG] PIL.PngImagePlugin: STREAM b'IHDR' 16 13
2025-04-13 23:06:44,400 [DEBUG] PIL.PngImagePlugin: STREAM b'cHRM' 41 32
2025-04-13 23:06:44,401 [DEBUG] PIL.PngImagePlugin: STREAM b'bKGD' 85 6
2025-04-13 23:06:44,401 [DEBUG] PIL.PngImagePlugin: b'bKGD' 85 6 (unknown)
2025-04-13 23:06:44,401 [DEBUG] PIL.PngImagePlugin: STREAM b'pHYs' 103 9
2025-04-13 23:06:44,401 [DEBUG] PIL.PngImagePlugin: STREAM b'IDAT' 124 32768
2025-04-13 23:06:44,403 [DEBUG] PIL.PngImagePlugin: STREAM b'tEXt' 78513 37
2025-04-13 23:06:44,403 [DEBUG] PIL.PngImagePlugin: STREAM b'tEXt' 78562 37
2025-04-13 23:06:44,403 [DEBUG] PIL.PngImagePlugin: STREAM b'tEXt' 78611 40
2025-04-13 23:06:44,412 [DEBUG] PIL.PngImagePlugin: STREAM b'IHDR' 16 13
2025-04-13 23:06:44,412 [DEBUG] PIL.PngImagePlugin: STREAM b'sRGB' 41 1
2025-04-13 23:06:44,412 [DEBUG] PIL.PngImagePlugin: STREAM b'IDAT' 54 8192
2025-04-13 23:06:44,425 [DEBUG] PIL.PngImagePlugin: STREAM b'IHDR' 16 13
2025-04-13 23:06:44,425 [DEBUG] PIL.PngImagePlugin: STREAM b'sRGB' 41 1
2025-04-13 23:06:44,425 [DEBUG] PIL.PngImagePlugin: STREAM b'IDAT' 54 8192
2025-04-13 23:06:44,433 [DEBUG] PIL.PngImagePlugin: STREAM b'IHDR' 16 13
2025-04-13 23:06:44,433 [DEBUG] PIL.PngImagePlugin: STREAM b'sRGB' 41 1
2025-04-13 23:06:44,433 [DEBUG] PIL.PngImagePlugin: STREAM b'IDAT' 54 8192
2025-04-13 23:06:44,441 [DEBUG] PIL.PngImagePlugin: STREAM b'IHDR' 16 13
2025-04-13 23:06:44,442 [DEBUG] PIL.PngImagePlugin: STREAM b'sRGB' 41 1
2025-04-13 23:06:44,442 [DEBUG] PIL.PngImagePlugin: STREAM b'IDAT' 54 8192
2025-04-13 23:06:44,447 [DEBUG] PIL.PngImagePlugin: STREAM b'IHDR' 16 13
2025-04-13 23:06:44,448 [DEBUG] PIL.PngImagePlugin: STREAM b'PLTE' 41 768
2025-04-13 23:06:44,448 [DEBUG] PIL.PngImagePlugin: STREAM b'tRNS' 821 256
2025-04-13 23:06:44,448 [DEBUG] PIL.PngImagePlugin: STREAM b'IDAT' 1089 8192
2025-04-13 23:06:52,805 [INFO] SaleSystem: User logged in: Gehad
2025-04-13 23:07:01,921 [DEBUG] PIL.PngImagePlugin: STREAM b'IHDR' 16 13
2025-04-13 23:07:01,922 [DEBUG] PIL.PngImagePlugin: STREAM b'cHRM' 41 32
2025-04-13 23:07:01,922 [DEBUG] PIL.PngImagePlugin: STREAM b'bKGD' 85 6
2025-04-13 23:07:01,922 [DEBUG] PIL.PngImagePlugin: b'bKGD' 85 6 (unknown)
2025-04-13 23:07:01,923 [DEBUG] PIL.PngImagePlugin: STREAM b'pHYs' 103 9
2025-04-13 23:07:01,923 [DEBUG] PIL.PngImagePlugin: STREAM b'IDAT' 124 32768
2025-04-13 23:07:01,925 [DEBUG] PIL.PngImagePlugin: STREAM b'tEXt' 78513 37
2025-04-13 23:07:01,925 [DEBUG] PIL.PngImagePlugin: STREAM b'tEXt' 78562 37
2025-04-13 23:07:01,925 [DEBUG] PIL.PngImagePlugin: STREAM b'tEXt' 78611 40
2025-04-13 23:07:01,935 [DEBUG] PIL.PngImagePlugin: STREAM b'IHDR' 16 13
2025-04-13 23:07:01,935 [DEBUG] PIL.PngImagePlugin: STREAM b'sRGB' 41 1
2025-04-13 23:07:01,935 [DEBUG] PIL.PngImagePlugin: STREAM b'IDAT' 54 8192
2025-04-13 23:07:01,948 [DEBUG] PIL.PngImagePlugin: STREAM b'IHDR' 16 13
2025-04-13 23:07:01,949 [DEBUG] PIL.PngImagePlugin: STREAM b'sRGB' 41 1
2025-04-13 23:07:01,949 [DEBUG] PIL.PngImagePlugin: STREAM b'IDAT' 54 8192
2025-04-13 23:07:01,956 [DEBUG] PIL.PngImagePlugin: STREAM b'IHDR' 16 13
2025-04-13 23:07:01,957 [DEBUG] PIL.PngImagePlugin: STREAM b'sRGB' 41 1
2025-04-13 23:07:01,957 [DEBUG] PIL.PngImagePlugin: STREAM b'IDAT' 54 8192
2025-04-13 23:07:01,964 [DEBUG] PIL.PngImagePlugin: STREAM b'IHDR' 16 13
2025-04-13 23:07:01,965 [DEBUG] PIL.PngImagePlugin: STREAM b'sRGB' 41 1
2025-04-13 23:07:01,965 [DEBUG] PIL.PngImagePlugin: STREAM b'IDAT' 54 8192
2025-04-13 23:07:01,971 [DEBUG] PIL.PngImagePlugin: STREAM b'IHDR' 16 13
2025-04-13 23:07:01,971 [DEBUG] PIL.PngImagePlugin: STREAM b'PLTE' 41 768
2025-04-13 23:07:01,971 [DEBUG] PIL.PngImagePlugin: STREAM b'tRNS' 821 256
2025-04-13 23:07:01,971 [DEBUG] PIL.PngImagePlugin: STREAM b'IDAT' 1089 8192
2025-04-13 23:07:10,972 [INFO] SaleSystem: User logged in: Gehad
2025-04-13 23:50:56,017 [INFO] SaleSystem: User logged in: Gehad
2025-04-14 21:35:30,668 [INFO] SaleSystem: User logged in: Gehad
2025-04-14 21:38:49,078 [INFO] SaleSystem: User logged in: Gehad
2025-04-14 23:19:58,262 [INFO] SaleSystem: User logged in: Gehad
2025-04-14 23:32:37,007 [INFO] SaleSystem: User logged in: Gehad
2025-04-14 23:38:51,046 [INFO] SaleSystem: User logged in: Gehad
2025-04-15 00:13:18,806 [INFO] SaleSystem: User logged in: Gehad
2025-04-15 00:15:19,003 [INFO] SaleSystem: User logged in: Gehad
2025-04-15 00:21:45,610 [INFO] SaleSystem: User logged in: Gehad
2025-04-15 00:26:16,000 [INFO] SaleSystem: User logged in: Gehad
2025-04-15 00:32:52,902 [INFO] SaleSystem: User logged in: Gehad
2025-04-15 00:43:30,345 [INFO] SaleSystem: User logged in: Gehad
2025-04-17 21:24:11,947 [INFO] SaleSystem: User logged in: Gehad
2025-04-17 21:43:26,918 [INFO] SaleSystem: User logged in: Gehad
2025-04-17 23:35:29,809 [INFO] SaleSystem: User logged in: Gehad
2025-04-17 23:42:37,598 [INFO] SaleSystem: User logged in: Gehad
2025-04-17 23:56:25,830 [INFO] SaleSystem: User logged in: Gehad
2025-04-18 00:12:27,267 [INFO] SaleSystem: User logged in: Gehad
2025-04-18 00:18:44,711 [INFO] SaleSystem: User logged in: Gehad
2025-04-18 00:31:30,221 [INFO] SaleSystem: User logged in: Gehad
2025-04-18 00:41:46,575 [INFO] SaleSystem: User logged in: Gehad
2025-04-21 20:45:02,773 [INFO] SaleSystem: User logged in: Gehad
2025-04-21 20:52:34,631 [INFO] SaleSystem: User logged in: Gehad
2025-04-21 21:05:14,227 [INFO] SaleSystem: User logged in: Gehad
2025-04-21 21:09:20,516 [INFO] SaleSystem: User logged in: Gehad
2025-04-21 21:13:14,558 [INFO] SaleSystem: User logged in: Gehad
2025-04-21 21:19:56,538 [INFO] SaleSystem: User logged in: Gehad
2025-04-21 21:29:42,726 [INFO] SaleSystem: User logged in: Gehad
