=== Performance Report: 2025-07-19 03:52:49 ===
UI freezes: 0
Longest UI freeze: 0.00ms
Database operations: 0
Average DB operation time: 0.00ms
Longest DB operation: 0.00ms
Background tasks: 0
Average background task time: 0.00ms

=== Performance Report: 2025-07-19 03:55:05 ===
UI freezes: 0
Longest UI freeze: 0.00ms
Database operations: 0
Average DB operation time: 0.00ms
Longest DB operation: 0.00ms
Background tasks: 0
Average background task time: 0.00ms

=== Performance Report: 2025-07-19 03:56:50 ===
UI freezes: 0
Longest UI freeze: 0.00ms
Database operations: 0
Average DB operation time: 0.00ms
Longest DB operation: 0.00ms
Background tasks: 0
Average background task time: 0.00ms

=== Performance Report: 2025-07-19 04:23:12 ===
UI freezes: 0
Longest UI freeze: 0.00ms
Database operations: 0
Average DB operation time: 0.00ms
Longest DB operation: 0.00ms
Background tasks: 0
Average background task time: 0.00ms

=== Performance Report: 2025-07-19 04:28:12 ===
UI freezes: 0
Longest UI freeze: 0.00ms
Database operations: 0
Average DB operation time: 0.00ms
Longest DB operation: 0.00ms
Background tasks: 0
Average background task time: 0.00ms

=== Performance Report: 2025-07-19 04:29:17 ===
UI freezes: 0
Longest UI freeze: 0.00ms
Database operations: 0
Average DB operation time: 0.00ms
Longest DB operation: 0.00ms
Background tasks: 0
Average background task time: 0.00ms

=== Performance Report: 2025-07-19 04:31:01 ===
UI freezes: 0
Longest UI freeze: 0.00ms
Database operations: 0
Average DB operation time: 0.00ms
Longest DB operation: 0.00ms
Background tasks: 0
Average background task time: 0.00ms

=== Performance Report: 2025-07-19 17:19:34 ===
UI freezes: 0
Longest UI freeze: 0.00ms
Database operations: 0
Average DB operation time: 0.00ms
Longest DB operation: 0.00ms
Background tasks: 0
Average background task time: 0.00ms

=== Performance Report: 2025-07-19 18:07:49 ===
UI freezes: 0
Longest UI freeze: 0.00ms
Database operations: 0
Average DB operation time: 0.00ms
Longest DB operation: 0.00ms
Background tasks: 0
Average background task time: 0.00ms

=== Performance Report: 2025-07-19 18:31:27 ===
UI freezes: 0
Longest UI freeze: 0.00ms
Database operations: 0
Average DB operation time: 0.00ms
Longest DB operation: 0.00ms
Background tasks: 0
Average background task time: 0.00ms

=== Performance Report: 2025-07-19 18:32:53 ===
UI freezes: 0
Longest UI freeze: 0.00ms
Database operations: 0
Average DB operation time: 0.00ms
Longest DB operation: 0.00ms
Background tasks: 0
Average background task time: 0.00ms

=== Performance Report: 2025-07-19 18:52:32 ===
UI freezes: 0
Longest UI freeze: 0.00ms
Database operations: 0
Average DB operation time: 0.00ms
Longest DB operation: 0.00ms
Background tasks: 0
Average background task time: 0.00ms

=== Performance Report: 2025-07-19 19:00:40 ===
UI freezes: 0
Longest UI freeze: 0.00ms
Database operations: 0
Average DB operation time: 0.00ms
Longest DB operation: 0.00ms
Background tasks: 0
Average background task time: 0.00ms

=== Performance Report: 2025-07-19 19:01:24 ===
UI freezes: 0
Longest UI freeze: 0.00ms
Database operations: 0
Average DB operation time: 0.00ms
Longest DB operation: 0.00ms
Background tasks: 0
Average background task time: 0.00ms

