=== Performance Report: 2025-07-18 04:01:40 ===
UI freezes: 0
Longest UI freeze: 0.00ms
Database operations: 0
Average DB operation time: 0.00ms
Longest DB operation: 0.00ms
Background tasks: 0
Average background task time: 0.00ms

=== Performance Report: 2025-07-18 04:02:11 ===
UI freezes: 0
Longest UI freeze: 0.00ms
Database operations: 0
Average DB operation time: 0.00ms
Longest DB operation: 0.00ms
Background tasks: 0
Average background task time: 0.00ms

=== Performance Report: 2025-07-18 04:15:46 ===
UI freezes: 0
Longest UI freeze: 0.00ms
Database operations: 0
Average DB operation time: 0.00ms
Longest DB operation: 0.00ms
Background tasks: 0
Average background task time: 0.00ms

=== Performance Report: 2025-07-18 04:19:07 ===
UI freezes: 0
Longest UI freeze: 0.00ms
Database operations: 0
Average DB operation time: 0.00ms
Longest DB operation: 0.00ms
Background tasks: 0
Average background task time: 0.00ms

=== Performance Report: 2025-07-18 04:51:52 ===
UI freezes: 0
Longest UI freeze: 0.00ms
Database operations: 0
Average DB operation time: 0.00ms
Longest DB operation: 0.00ms
Background tasks: 0
Average background task time: 0.00ms

